2025-05-19 00:27:45,162	[INFO]	(client.py:162)_bot_login	[botpy] 登录机器人账号中...
2025-05-19 00:27:45,605	[INFO]	(robot.py:65)update_access_token	[botpy] access_token expires_in 7200
2025-05-19 00:27:46,260	[INFO]	(client.py:181)_bot_init	[botpy] 程序启动...
2025-05-19 00:27:46,260	[INFO]	(connection.py:60)multi_run	[botpy] 最大并发连接数: 1, 启动会话数: 1
2025-05-19 00:27:46,260	[INFO]	(client.py:242)bot_connect	[botpy] 会话启动中...
2025-05-19 00:27:46,261	[INFO]	(gateway.py:115)ws_connect	[botpy] 启动中...
2025-05-19 00:27:46,420	[INFO]	(gateway.py:142)ws_identify	[botpy] 鉴权中...
2025-05-19 00:27:46,525	[INFO]	(gateway.py:85)on_message	[botpy] 机器人「Sta_Sul-测试中」启动成功！
2025-05-19 00:27:46,527	[INFO]	(gateway.py:223)_send_heart	[botpy] 心跳维持启动...
2025-05-19 00:27:46,527	[INFO]	(group_reply.py:262)on_ready	robot 「Sta_Sul-测试中」 on_ready!
2025-05-19 00:30:10,196	[INFO]	(client.py:162)_bot_login	[botpy] 登录机器人账号中...
2025-05-19 00:30:10,409	[INFO]	(robot.py:65)update_access_token	[botpy] access_token expires_in 7055
2025-05-19 00:30:10,967	[INFO]	(client.py:181)_bot_init	[botpy] 程序启动...
2025-05-19 00:30:10,967	[INFO]	(connection.py:60)multi_run	[botpy] 最大并发连接数: 1, 启动会话数: 1
2025-05-19 00:30:10,967	[INFO]	(client.py:242)bot_connect	[botpy] 会话启动中...
2025-05-19 00:30:10,967	[INFO]	(gateway.py:115)ws_connect	[botpy] 启动中...
2025-05-19 00:30:11,121	[INFO]	(gateway.py:142)ws_identify	[botpy] 鉴权中...
2025-05-19 00:30:11,207	[INFO]	(gateway.py:85)on_message	[botpy] 机器人「Sta_Sul-测试中」启动成功！
2025-05-19 00:30:11,207	[INFO]	(gateway.py:223)_send_heart	[botpy] 心跳维持启动...
2025-05-19 00:30:11,207	[INFO]	(group_reply.py:262)on_ready	robot 「Sta_Sul-测试中」 on_ready!
2025-05-19 00:32:14,988	[INFO]	(client.py:162)_bot_login	[botpy] 登录机器人账号中...
2025-05-19 00:32:15,188	[INFO]	(robot.py:65)update_access_token	[botpy] access_token expires_in 6930
2025-05-19 00:32:15,660	[INFO]	(client.py:181)_bot_init	[botpy] 程序启动...
2025-05-19 00:32:15,660	[INFO]	(connection.py:60)multi_run	[botpy] 最大并发连接数: 1, 启动会话数: 1
2025-05-19 00:32:15,660	[INFO]	(client.py:242)bot_connect	[botpy] 会话启动中...
2025-05-19 00:32:15,660	[INFO]	(gateway.py:115)ws_connect	[botpy] 启动中...
2025-05-19 00:32:15,820	[INFO]	(gateway.py:142)ws_identify	[botpy] 鉴权中...
2025-05-19 00:32:15,906	[INFO]	(gateway.py:85)on_message	[botpy] 机器人「Sta_Sul-测试中」启动成功！
2025-05-19 00:32:15,907	[INFO]	(gateway.py:223)_send_heart	[botpy] 心跳维持启动...
2025-05-19 00:32:15,907	[INFO]	(group_reply.py:262)on_ready	robot 「Sta_Sul-测试中」 on_ready!
